F:\_SCHOOL\ITAD_123\ASSIGNMENT_05\ASSIGN_05_04 - CASE CONVERTER\ASSIGN_05_04 - CASE CONVERTER\DEBUG\ASSIGN_05_04 - CASE CONVERTER.PCH
F:\_SCHOOL\ITAD_123\ASSIGNMENT_05\ASSIGN_05_04 - CASE CONVERTER\ASSIGN_05_04 - CASE CONVERTER\DEBUG\STDAFX.OBJ
F:\_SCHOOL\ITAD_123\ASSIGNMENT_05\ASSIGN_05_04 - CASE CONVERTER\ASSIGN_05_04 - CASE CONVERTER\DEBUG\VC110.PDB
F:\_SCHOOL\ITAD_123\ASSIGNMENT_05\ASSIGN_05_04 - CASE CONVERTER\ASSIGN_05_04 - CASE CONVERTER\DEBUG\ASSIGN_05_04 - CASE CONVERTER.OBJ
F:\_SCHOOL\ITAD_123\ASSIGNMENT_05\ASSIGN_05_04 - CASE CONVERTER\DEBUG\ASSIGN_05_04 - CASE CONVERTER.ILK
F:\_SCHOOL\ITAD_123\ASSIGNMENT_05\ASSIGN_05_04 - CASE CONVERTER\DEBUG\ASSIGN_05_04 - CASE CONVERTER.EXE
F:\_SCHOOL\ITAD_123\ASSIGNMENT_05\ASSIGN_05_04 - CASE CONVERTER\DEBUG\ASSIGN_05_04 - CASE CONVERTER.PDB
F:\_School\ITAD_123\Assignment_05\Assign_05_04 - Case Converter\Assign_05_04 - Case Converter\Debug\Assign_05_04 - Case Converter.obj
F:\_School\ITAD_123\Assignment_05\Assign_05_04 - Case Converter\Assign_05_04 - Case Converter\Debug\stdafx.obj
F:\_School\ITAD_123\Assignment_05\Assign_05_04 - Case Converter\Assign_05_04 - Case Converter\Debug\cl.command.1.tlog
F:\_School\ITAD_123\Assignment_05\Assign_05_04 - Case Converter\Assign_05_04 - Case Converter\Debug\CL.read.1.tlog
F:\_School\ITAD_123\Assignment_05\Assign_05_04 - Case Converter\Assign_05_04 - Case Converter\Debug\CL.write.1.tlog
F:\_School\ITAD_123\Assignment_05\Assign_05_04 - Case Converter\Assign_05_04 - Case Converter\Debug\link-cvtres.read.1.tlog
F:\_School\ITAD_123\Assignment_05\Assign_05_04 - Case Converter\Assign_05_04 - Case Converter\Debug\link-cvtres.write.1.tlog
F:\_School\ITAD_123\Assignment_05\Assign_05_04 - Case Converter\Assign_05_04 - Case Converter\Debug\link-rc.read.1.tlog
F:\_School\ITAD_123\Assignment_05\Assign_05_04 - Case Converter\Assign_05_04 - Case Converter\Debug\link-rc.write.1.tlog
F:\_School\ITAD_123\Assignment_05\Assign_05_04 - Case Converter\Assign_05_04 - Case Converter\Debug\link.command.1.tlog
F:\_School\ITAD_123\Assignment_05\Assign_05_04 - Case Converter\Assign_05_04 - Case Converter\Debug\link.read.1.tlog
F:\_School\ITAD_123\Assignment_05\Assign_05_04 - Case Converter\Assign_05_04 - Case Converter\Debug\link.write.1.tlog
F:\_School\ITAD_123\Assignment_05\Assign_05_04 - Case Converter\Assign_05_04 - Case Converter\Debug\Assign_05_04 - Case Converter.pch
F:\_School\ITAD_123\Assignment_05\Assign_05_04 - Case Converter\Assign_05_04 - Case Converter\Debug\vc110.idb
F:\_School\ITAD_123\Assignment_05\Assign_05_04 - Case Converter\Assign_05_04 - Case Converter\Debug\vc110.pdb
F:\_School\ITAD_123\Assignment_05\Assign_05_04 - Case Converter\Debug\Assign_05_04 - Case Converter.pdb
F:\_School\ITAD_123\Assignment_05\Assign_05_04 - Case Converter\Debug\Assign_05_04 - Case Converter.exe
F:\_School\ITAD_123\Assignment_05\Assign_05_04 - Case Converter\Debug\Assign_05_04 - Case Converter.ilk
