X:\ITAD_123\ASSIGNMENT_04\ASSIGN_04_01 - CALORIES BURNED\ASSIGN_04_01 - CALORIES BURNED\DEBUG\VC110.PDB
X:\ITAD_123\ASSIGNMENT_04\ASSIGN_04_01 - CALORIES BURNED\DEBUG\ASSIGN_04_01 - CALORIES BURNED.PDB
X:\ITAD_123\Assignment_04\Assign_04_01 - Calories Burned\Assign_04_01 - Calories Burned\Debug\Assign_04_01 - Calories Burned.obj
X:\ITAD_123\Assignment_04\Assign_04_01 - Calories Burned\Assign_04_01 - Calories Burned\Debug\stdafx.obj
X:\ITAD_123\Assignment_04\Assign_04_01 - Calories Burned\Assign_04_01 - Calories Burned\Debug\cl.command.1.tlog
X:\ITAD_123\Assignment_04\Assign_04_01 - Calories Burned\Assign_04_01 - Calories Burned\Debug\CL.read.1.tlog
X:\ITAD_123\Assignment_04\Assign_04_01 - Calories Burned\Assign_04_01 - Calories Burned\Debug\CL.write.1.tlog
X:\ITAD_123\Assignment_04\Assign_04_01 - Calories Burned\Assign_04_01 - Calories Burned\Debug\link-cvtres.read.1.tlog
X:\ITAD_123\Assignment_04\Assign_04_01 - Calories Burned\Assign_04_01 - Calories Burned\Debug\link-cvtres.write.1.tlog
X:\ITAD_123\Assignment_04\Assign_04_01 - Calories Burned\Assign_04_01 - Calories Burned\Debug\link-rc.read.1.tlog
X:\ITAD_123\Assignment_04\Assign_04_01 - Calories Burned\Assign_04_01 - Calories Burned\Debug\link-rc.write.1.tlog
X:\ITAD_123\Assignment_04\Assign_04_01 - Calories Burned\Assign_04_01 - Calories Burned\Debug\link.command.1.tlog
X:\ITAD_123\Assignment_04\Assign_04_01 - Calories Burned\Assign_04_01 - Calories Burned\Debug\link.read.1.tlog
X:\ITAD_123\Assignment_04\Assign_04_01 - Calories Burned\Assign_04_01 - Calories Burned\Debug\link.write.1.tlog
X:\ITAD_123\Assignment_04\Assign_04_01 - Calories Burned\Assign_04_01 - Calories Burned\Debug\Assign_04_01 - Calories Burned.pch
X:\ITAD_123\Assignment_04\Assign_04_01 - Calories Burned\Assign_04_01 - Calories Burned\Debug\vc110.idb
X:\ITAD_123\Assignment_04\Assign_04_01 - Calories Burned\Assign_04_01 - Calories Burned\Debug\vc110.pdb
X:\ITAD_123\Assignment_04\Assign_04_01 - Calories Burned\Debug\Assign_04_01 - Calories Burned.pdb
X:\ITAD_123\Assignment_04\Assign_04_01 - Calories Burned\Debug\Assign_04_01 - Calories Burned.exe
X:\ITAD_123\Assignment_04\Assign_04_01 - Calories Burned\Debug\Assign_04_01 - Calories Burned.ilk
