F:\ITAD_123\TEAM_ASSIGNMENT_01\TEAM_ASSIGN_01 - THEATRE SEATING\TEAM_ASSIGN_01 - THEATRE SEATING\DEBUG\TEAM_ASSIGN_01 - THEATRE SEATING.PCH
F:\ITAD_123\TEAM_ASSIGNMENT_01\TEAM_ASSIGN_01 - THEATRE SEATING\TEAM_ASSIGN_01 - THEATRE SEATING\DEBUG\STDAFX.OBJ
F:\ITAD_123\TEAM_ASSIGNMENT_01\TEAM_ASSIGN_01 - THEATRE SEATING\TEAM_ASSIGN_01 - THEATRE SEATING\DEBUG\VC110.PDB
F:\ITAD_123\TEAM_ASSIGNMENT_01\TEAM_ASSIGN_01 - THEATRE SEATING\TEAM_ASSIGN_01 - THEATRE SEATING\DEBUG\TEAM_ASSIGN_01 - THEATRE SEATING.OBJ
F:\ITAD_123\TEAM_ASSIGNMENT_01\TEAM_ASSIGN_01 - THEATRE SEATING\DEBUG\TEAM_ASSIGN_01 - THEATRE SEATING.ILK
F:\ITAD_123\TEAM_ASSIGNMENT_01\TEAM_ASSIGN_01 - THEATRE SEATING\DEBUG\TEAM_ASSIGN_01 - THEATRE SEATING.EXE
F:\ITAD_123\TEAM_ASSIGNMENT_01\TEAM_ASSIGN_01 - THEATRE SEATING\DEBUG\TEAM_ASSIGN_01 - THEATRE SEATING.PDB
F:\ITAD_123\Team_Assignment_01\Team_Assign_01 - Theatre Seating\Team_Assign_01 - Theatre Seating\Debug\stdafx.obj
F:\ITAD_123\Team_Assignment_01\Team_Assign_01 - Theatre Seating\Team_Assign_01 - Theatre Seating\Debug\Team_Assign_01 - Theatre Seating.obj
F:\ITAD_123\Team_Assignment_01\Team_Assign_01 - Theatre Seating\Team_Assign_01 - Theatre Seating\Debug\CL.read.1.tlog
F:\ITAD_123\Team_Assignment_01\Team_Assign_01 - Theatre Seating\Team_Assign_01 - Theatre Seating\Debug\CL.write.1.tlog
F:\ITAD_123\Team_Assignment_01\Team_Assign_01 - Theatre Seating\Team_Assign_01 - Theatre Seating\Debug\cl.command.1.tlog
F:\ITAD_123\Team_Assignment_01\Team_Assign_01 - Theatre Seating\Team_Assign_01 - Theatre Seating\Debug\link-rc.read.1.tlog
F:\ITAD_123\Team_Assignment_01\Team_Assign_01 - Theatre Seating\Team_Assign_01 - Theatre Seating\Debug\link-rc.write.1.tlog
F:\ITAD_123\Team_Assignment_01\Team_Assign_01 - Theatre Seating\Team_Assign_01 - Theatre Seating\Debug\link-cvtres.read.1.tlog
F:\ITAD_123\Team_Assignment_01\Team_Assign_01 - Theatre Seating\Team_Assign_01 - Theatre Seating\Debug\link-cvtres.write.1.tlog
F:\ITAD_123\Team_Assignment_01\Team_Assign_01 - Theatre Seating\Team_Assign_01 - Theatre Seating\Debug\link.read.1.tlog
F:\ITAD_123\Team_Assignment_01\Team_Assign_01 - Theatre Seating\Team_Assign_01 - Theatre Seating\Debug\link.write.1.tlog
F:\ITAD_123\Team_Assignment_01\Team_Assign_01 - Theatre Seating\Team_Assign_01 - Theatre Seating\Debug\link.command.1.tlog
F:\ITAD_123\Team_Assignment_01\Team_Assign_01 - Theatre Seating\Team_Assign_01 - Theatre Seating\Debug\link.7028-rc.read.1.tlog
F:\ITAD_123\Team_Assignment_01\Team_Assign_01 - Theatre Seating\Team_Assign_01 - Theatre Seating\Debug\link.7028-rc.write.1.tlog
F:\ITAD_123\Team_Assignment_01\Team_Assign_01 - Theatre Seating\Team_Assign_01 - Theatre Seating\Debug\link.7028-cvtres.read.1.tlog
F:\ITAD_123\Team_Assignment_01\Team_Assign_01 - Theatre Seating\Team_Assign_01 - Theatre Seating\Debug\link.7028-cvtres.write.1.tlog
F:\ITAD_123\Team_Assignment_01\Team_Assign_01 - Theatre Seating\Team_Assign_01 - Theatre Seating\Debug\link.7028.read.1.tlog
F:\ITAD_123\Team_Assignment_01\Team_Assign_01 - Theatre Seating\Team_Assign_01 - Theatre Seating\Debug\link.7028.write.1.tlog
F:\ITAD_123\Team_Assignment_01\Team_Assign_01 - Theatre Seating\Team_Assign_01 - Theatre Seating\Debug\link.6016-rc.read.1.tlog
F:\ITAD_123\Team_Assignment_01\Team_Assign_01 - Theatre Seating\Team_Assign_01 - Theatre Seating\Debug\link.6016-rc.write.1.tlog
F:\ITAD_123\Team_Assignment_01\Team_Assign_01 - Theatre Seating\Team_Assign_01 - Theatre Seating\Debug\link.6016-cvtres.read.1.tlog
F:\ITAD_123\Team_Assignment_01\Team_Assign_01 - Theatre Seating\Team_Assign_01 - Theatre Seating\Debug\link.6016-cvtres.write.1.tlog
F:\ITAD_123\Team_Assignment_01\Team_Assign_01 - Theatre Seating\Team_Assign_01 - Theatre Seating\Debug\link.6016.read.1.tlog
F:\ITAD_123\Team_Assignment_01\Team_Assign_01 - Theatre Seating\Team_Assign_01 - Theatre Seating\Debug\link.6016.write.1.tlog
F:\ITAD_123\Team_Assignment_01\Team_Assign_01 - Theatre Seating\Team_Assign_01 - Theatre Seating\Debug\link.4800-rc.read.1.tlog
F:\ITAD_123\Team_Assignment_01\Team_Assign_01 - Theatre Seating\Team_Assign_01 - Theatre Seating\Debug\link.4800-rc.write.1.tlog
F:\ITAD_123\Team_Assignment_01\Team_Assign_01 - Theatre Seating\Team_Assign_01 - Theatre Seating\Debug\link.4800-cvtres.read.1.tlog
F:\ITAD_123\Team_Assignment_01\Team_Assign_01 - Theatre Seating\Team_Assign_01 - Theatre Seating\Debug\link.4800-cvtres.write.1.tlog
F:\ITAD_123\Team_Assignment_01\Team_Assign_01 - Theatre Seating\Team_Assign_01 - Theatre Seating\Debug\link.4800.read.1.tlog
F:\ITAD_123\Team_Assignment_01\Team_Assign_01 - Theatre Seating\Team_Assign_01 - Theatre Seating\Debug\link.4800.write.1.tlog
F:\ITAD_123\Team_Assignment_01\Team_Assign_01 - Theatre Seating\Team_Assign_01 - Theatre Seating\Debug\link.8852-rc.read.1.tlog
F:\ITAD_123\Team_Assignment_01\Team_Assign_01 - Theatre Seating\Team_Assign_01 - Theatre Seating\Debug\link.8852-rc.write.1.tlog
F:\ITAD_123\Team_Assignment_01\Team_Assign_01 - Theatre Seating\Team_Assign_01 - Theatre Seating\Debug\link.8852-cvtres.read.1.tlog
F:\ITAD_123\Team_Assignment_01\Team_Assign_01 - Theatre Seating\Team_Assign_01 - Theatre Seating\Debug\link.8852-cvtres.write.1.tlog
F:\ITAD_123\Team_Assignment_01\Team_Assign_01 - Theatre Seating\Team_Assign_01 - Theatre Seating\Debug\link.8852.read.1.tlog
F:\ITAD_123\Team_Assignment_01\Team_Assign_01 - Theatre Seating\Team_Assign_01 - Theatre Seating\Debug\link.8852.write.1.tlog
F:\ITAD_123\Team_Assignment_01\Team_Assign_01 - Theatre Seating\Team_Assign_01 - Theatre Seating\Debug\link.5936-rc.read.1.tlog
F:\ITAD_123\Team_Assignment_01\Team_Assign_01 - Theatre Seating\Team_Assign_01 - Theatre Seating\Debug\link.5936-rc.write.1.tlog
F:\ITAD_123\Team_Assignment_01\Team_Assign_01 - Theatre Seating\Team_Assign_01 - Theatre Seating\Debug\link.5936-cvtres.read.1.tlog
F:\ITAD_123\Team_Assignment_01\Team_Assign_01 - Theatre Seating\Team_Assign_01 - Theatre Seating\Debug\link.5936-cvtres.write.1.tlog
F:\ITAD_123\Team_Assignment_01\Team_Assign_01 - Theatre Seating\Team_Assign_01 - Theatre Seating\Debug\link.5936.read.1.tlog
F:\ITAD_123\Team_Assignment_01\Team_Assign_01 - Theatre Seating\Team_Assign_01 - Theatre Seating\Debug\link.5936.write.1.tlog
F:\ITAD_123\Team_Assignment_01\Team_Assign_01 - Theatre Seating\Team_Assign_01 - Theatre Seating\Debug\Team_Assign_01 - Theatre Seating.pch
F:\ITAD_123\Team_Assignment_01\Team_Assign_01 - Theatre Seating\Team_Assign_01 - Theatre Seating\Debug\vc110.idb
F:\ITAD_123\Team_Assignment_01\Team_Assign_01 - Theatre Seating\Team_Assign_01 - Theatre Seating\Debug\vc110.pdb
F:\ITAD_123\Team_Assignment_01\Team_Assign_01 - Theatre Seating\Debug\Team_Assign_01 - Theatre Seating.pdb
F:\ITAD_123\Team_Assignment_01\Team_Assign_01 - Theatre Seating\Debug\Team_Assign_01 - Theatre Seating.exe
F:\ITAD_123\Team_Assignment_01\Team_Assign_01 - Theatre Seating\Debug\Team_Assign_01 - Theatre Seating.ilk
