F:\ITAD_123\ASSIGNMENT_07\ASSIGN_07_02 - REVERSE\ASSIGN_07_02 - REVERSE\DEBUG\ASSIGN_07_02 - REVERSE.PCH
F:\ITAD_123\ASSIGNMENT_07\ASSIGN_07_02 - REVERSE\ASSIGN_07_02 - REVERSE\DEBUG\STDAFX.OBJ
F:\ITAD_123\ASSIGNMENT_07\ASSIGN_07_02 - REVERSE\ASSIGN_07_02 - REVERSE\DEBUG\VC110.PDB
F:\ITAD_123\ASSIGNMENT_07\ASSIGN_07_02 - REVERSE\ASSIGN_07_02 - REVERSE\DEBUG\ASSIGN_07_02 - REVERSE.OBJ
F:\ITAD_123\ASSIGNMENT_07\ASSIGN_07_02 - REVERSE\DEBUG\ASSIGN_07_02 - REVERSE.ILK
F:\ITAD_123\ASSIGNMENT_07\ASSIGN_07_02 - REVERSE\DEBUG\ASSIGN_07_02 - REVERSE.EXE
F:\ITAD_123\ASSIGNMENT_07\ASSIGN_07_02 - REVERSE\DEBUG\ASSIGN_07_02 - REVERSE.PDB
F:\ITAD_123\Assignment_07\Assign_07_02 - Reverse\Assign_07_02 - Reverse\Debug\stdafx.obj
F:\ITAD_123\Assignment_07\Assign_07_02 - Reverse\Assign_07_02 - Reverse\Debug\Assign_07_02 - Reverse.obj
F:\ITAD_123\Assignment_07\Assign_07_02 - Reverse\Assign_07_02 - Reverse\Debug\CL.read.1.tlog
F:\ITAD_123\Assignment_07\Assign_07_02 - Reverse\Assign_07_02 - Reverse\Debug\CL.write.1.tlog
F:\ITAD_123\Assignment_07\Assign_07_02 - Reverse\Assign_07_02 - Reverse\Debug\cl.command.1.tlog
F:\ITAD_123\Assignment_07\Assign_07_02 - Reverse\Assign_07_02 - Reverse\Debug\link-rc.read.1.tlog
F:\ITAD_123\Assignment_07\Assign_07_02 - Reverse\Assign_07_02 - Reverse\Debug\link-rc.write.1.tlog
F:\ITAD_123\Assignment_07\Assign_07_02 - Reverse\Assign_07_02 - Reverse\Debug\link-cvtres.read.1.tlog
F:\ITAD_123\Assignment_07\Assign_07_02 - Reverse\Assign_07_02 - Reverse\Debug\link-cvtres.write.1.tlog
F:\ITAD_123\Assignment_07\Assign_07_02 - Reverse\Assign_07_02 - Reverse\Debug\link.read.1.tlog
F:\ITAD_123\Assignment_07\Assign_07_02 - Reverse\Assign_07_02 - Reverse\Debug\link.write.1.tlog
F:\ITAD_123\Assignment_07\Assign_07_02 - Reverse\Assign_07_02 - Reverse\Debug\link.command.1.tlog
F:\ITAD_123\Assignment_07\Assign_07_02 - Reverse\Assign_07_02 - Reverse\Debug\Assign_07_02 - Reverse.pch
F:\ITAD_123\Assignment_07\Assign_07_02 - Reverse\Assign_07_02 - Reverse\Debug\vc110.idb
F:\ITAD_123\Assignment_07\Assign_07_02 - Reverse\Assign_07_02 - Reverse\Debug\vc110.pdb
F:\ITAD_123\Assignment_07\Assign_07_02 - Reverse\Debug\Assign_07_02 - Reverse.pdb
F:\ITAD_123\Assignment_07\Assign_07_02 - Reverse\Debug\Assign_07_02 - Reverse.exe
F:\ITAD_123\Assignment_07\Assign_07_02 - Reverse\Debug\Assign_07_02 - Reverse.ilk
