G:\_SCHOOL\ITAD_123\ASSIGNMENT_06\ASSIGN_06_01 - SALSA AND CHIPS\ASSIGN_06_01 - SALSA AND CHIPS\DEBUG\ASSIGN_06_01 - SALSA AND CHIPS.PCH
G:\_SCHOOL\ITAD_123\ASSIGNMENT_06\ASSIGN_06_01 - SALSA AND CHIPS\ASSIGN_06_01 - SALSA AND CHIPS\DEBUG\STDAFX.OBJ
G:\_SCHOOL\ITAD_123\ASSIGNMENT_06\ASSIGN_06_01 - SALSA AND CHIPS\ASSIGN_06_01 - SALSA AND CHIPS\DEBUG\VC110.PDB
G:\_SCHOOL\ITAD_123\ASSIGNMENT_06\ASSIGN_06_01 - SALSA AND CHIPS\ASSIGN_06_01 - SALSA AND CHIPS\DEBUG\ASSIGN_06_01 - SALSA AND CHIPS.OBJ
G:\_SCHOOL\ITAD_123\ASSIGNMENT_06\ASSIGN_06_01 - SALSA AND CHIPS\DEBUG\ASSIGN_06_01 - SALSA AND CHIPS.ILK
G:\_SCHOOL\ITAD_123\ASSIGNMENT_06\ASSIGN_06_01 - SALSA AND CHIPS\DEBUG\ASSIGN_06_01 - SALSA AND CHIPS.EXE
G:\_SCHOOL\ITAD_123\ASSIGNMENT_06\ASSIGN_06_01 - SALSA AND CHIPS\DEBUG\ASSIGN_06_01 - SALSA AND CHIPS.PDB
G:\_School\ITAD_123\Assignment_06\Assign_06_01 - Salsa and Chips\Assign_06_01 - Salsa and Chips\Debug\Assign_06_01 - Salsa and Chips.obj
G:\_School\ITAD_123\Assignment_06\Assign_06_01 - Salsa and Chips\Assign_06_01 - Salsa and Chips\Debug\stdafx.obj
G:\_School\ITAD_123\Assignment_06\Assign_06_01 - Salsa and Chips\Assign_06_01 - Salsa and Chips\Debug\cl.command.1.tlog
G:\_School\ITAD_123\Assignment_06\Assign_06_01 - Salsa and Chips\Assign_06_01 - Salsa and Chips\Debug\CL.read.1.tlog
G:\_School\ITAD_123\Assignment_06\Assign_06_01 - Salsa and Chips\Assign_06_01 - Salsa and Chips\Debug\CL.write.1.tlog
G:\_School\ITAD_123\Assignment_06\Assign_06_01 - Salsa and Chips\Assign_06_01 - Salsa and Chips\Debug\link-cvtres.read.1.tlog
G:\_School\ITAD_123\Assignment_06\Assign_06_01 - Salsa and Chips\Assign_06_01 - Salsa and Chips\Debug\link-cvtres.write.1.tlog
G:\_School\ITAD_123\Assignment_06\Assign_06_01 - Salsa and Chips\Assign_06_01 - Salsa and Chips\Debug\link-rc.read.1.tlog
G:\_School\ITAD_123\Assignment_06\Assign_06_01 - Salsa and Chips\Assign_06_01 - Salsa and Chips\Debug\link-rc.write.1.tlog
G:\_School\ITAD_123\Assignment_06\Assign_06_01 - Salsa and Chips\Assign_06_01 - Salsa and Chips\Debug\link.command.1.tlog
G:\_School\ITAD_123\Assignment_06\Assign_06_01 - Salsa and Chips\Assign_06_01 - Salsa and Chips\Debug\link.read.1.tlog
G:\_School\ITAD_123\Assignment_06\Assign_06_01 - Salsa and Chips\Assign_06_01 - Salsa and Chips\Debug\link.write.1.tlog
G:\_School\ITAD_123\Assignment_06\Assign_06_01 - Salsa and Chips\Assign_06_01 - Salsa and Chips\Debug\Assign_06_01 - Salsa and Chips.pch
G:\_School\ITAD_123\Assignment_06\Assign_06_01 - Salsa and Chips\Assign_06_01 - Salsa and Chips\Debug\vc110.idb
G:\_School\ITAD_123\Assignment_06\Assign_06_01 - Salsa and Chips\Assign_06_01 - Salsa and Chips\Debug\vc110.pdb
G:\_School\ITAD_123\Assignment_06\Assign_06_01 - Salsa and Chips\Debug\Assign_06_01 - Salsa and Chips.pdb
G:\_School\ITAD_123\Assignment_06\Assign_06_01 - Salsa and Chips\Debug\Assign_06_01 - Salsa and Chips.exe
G:\_School\ITAD_123\Assignment_06\Assign_06_01 - Salsa and Chips\Debug\Assign_06_01 - Salsa and Chips.ilk
