F:\_SCHOOL\ITAD_123\ASSIGNMENT_05\ASSIGN_05_03 - OVERLOADED HOSPITAL\ASSIGN_05_03 - OVERLOADED HOSPITAL\DEBUG\ASSIGN_05_03 - OVERLOADED HOSPITAL.PCH
F:\_SCHOOL\ITAD_123\ASSIGNMENT_05\ASSIGN_05_03 - OVERLOADED HOSPITAL\ASSIGN_05_03 - OVERLOADED HOSPITAL\DEBUG\STDAFX.OBJ
F:\_SCHOOL\ITAD_123\ASSIGNMENT_05\ASSIGN_05_03 - OVERLOADED HOSPITAL\ASSIGN_05_03 - OVERLOADED HOSPITAL\DEBUG\VC110.PDB
F:\_SCHOOL\ITAD_123\ASSIGNMENT_05\ASSIGN_05_03 - OVERLOADED HOSPITAL\ASSIGN_05_03 - OVERLOADED HOSPITAL\DEBUG\ASSIGN_05_03 - OVERLOADED HOSPITAL.OBJ
F:\_SCHOOL\ITAD_123\ASSIGNMENT_05\ASSIGN_05_03 - OVERLOADED HOSPITAL\DEBUG\ASSIGN_05_03 - OVERLOADED HOSPITAL.ILK
F:\_SCHOOL\ITAD_123\ASSIGNMENT_05\ASSIGN_05_03 - OVERLOADED HOSPITAL\DEBUG\ASSIGN_05_03 - OVERLOADED HOSPITAL.EXE
F:\_SCHOOL\ITAD_123\ASSIGNMENT_05\ASSIGN_05_03 - OVERLOADED HOSPITAL\DEBUG\ASSIGN_05_03 - OVERLOADED HOSPITAL.PDB
F:\_School\ITAD_123\Assignment_05\Assign_05_03 - Overloaded Hospital\Assign_05_03 - Overloaded Hospital\Debug\Assign_05_03 - Overloaded Hospital.obj
F:\_School\ITAD_123\Assignment_05\Assign_05_03 - Overloaded Hospital\Assign_05_03 - Overloaded Hospital\Debug\stdafx.obj
F:\_School\ITAD_123\Assignment_05\Assign_05_03 - Overloaded Hospital\Assign_05_03 - Overloaded Hospital\Debug\cl.command.1.tlog
F:\_School\ITAD_123\Assignment_05\Assign_05_03 - Overloaded Hospital\Assign_05_03 - Overloaded Hospital\Debug\CL.read.1.tlog
F:\_School\ITAD_123\Assignment_05\Assign_05_03 - Overloaded Hospital\Assign_05_03 - Overloaded Hospital\Debug\CL.write.1.tlog
F:\_School\ITAD_123\Assignment_05\Assign_05_03 - Overloaded Hospital\Assign_05_03 - Overloaded Hospital\Debug\link-cvtres.read.1.tlog
F:\_School\ITAD_123\Assignment_05\Assign_05_03 - Overloaded Hospital\Assign_05_03 - Overloaded Hospital\Debug\link-cvtres.write.1.tlog
F:\_School\ITAD_123\Assignment_05\Assign_05_03 - Overloaded Hospital\Assign_05_03 - Overloaded Hospital\Debug\link-rc.read.1.tlog
F:\_School\ITAD_123\Assignment_05\Assign_05_03 - Overloaded Hospital\Assign_05_03 - Overloaded Hospital\Debug\link-rc.write.1.tlog
F:\_School\ITAD_123\Assignment_05\Assign_05_03 - Overloaded Hospital\Assign_05_03 - Overloaded Hospital\Debug\link.command.1.tlog
F:\_School\ITAD_123\Assignment_05\Assign_05_03 - Overloaded Hospital\Assign_05_03 - Overloaded Hospital\Debug\link.read.1.tlog
F:\_School\ITAD_123\Assignment_05\Assign_05_03 - Overloaded Hospital\Assign_05_03 - Overloaded Hospital\Debug\link.write.1.tlog
F:\_School\ITAD_123\Assignment_05\Assign_05_03 - Overloaded Hospital\Assign_05_03 - Overloaded Hospital\Debug\Assign_05_03 - Overloaded Hospital.pch
F:\_School\ITAD_123\Assignment_05\Assign_05_03 - Overloaded Hospital\Assign_05_03 - Overloaded Hospital\Debug\vc110.idb
F:\_School\ITAD_123\Assignment_05\Assign_05_03 - Overloaded Hospital\Assign_05_03 - Overloaded Hospital\Debug\vc110.pdb
F:\_School\ITAD_123\Assignment_05\Assign_05_03 - Overloaded Hospital\Debug\Assign_05_03 - Overloaded Hospital.pdb
F:\_School\ITAD_123\Assignment_05\Assign_05_03 - Overloaded Hospital\Debug\Assign_05_03 - Overloaded Hospital.exe
F:\_School\ITAD_123\Assignment_05\Assign_05_03 - Overloaded Hospital\Debug\Assign_05_03 - Overloaded Hospital.ilk
