X:\ITAD_123\ASSIGNMENT_02\ASSIGN_02_04\ASSIGN_02_04\DEBUG\VC110.PDB
X:\ITAD_123\ASSIGNMENT_02\ASSIGN_02_04\DEBUG\ASSIGN_02_04.PDB
X:\ITAD_123\Assignment_02\Assign_02_04\Assign_02_04\Debug\Assign_02_04.obj
X:\ITAD_123\Assignment_02\Assign_02_04\Assign_02_04\Debug\stdafx.obj
X:\ITAD_123\Assignment_02\Assign_02_04\Assign_02_04\Debug\cl.command.1.tlog
X:\ITAD_123\Assignment_02\Assign_02_04\Assign_02_04\Debug\CL.read.1.tlog
X:\ITAD_123\Assignment_02\Assign_02_04\Assign_02_04\Debug\CL.write.1.tlog
X:\ITAD_123\Assignment_02\Assign_02_04\Assign_02_04\Debug\link-cvtres.read.1.tlog
X:\ITAD_123\Assignment_02\Assign_02_04\Assign_02_04\Debug\link-cvtres.write.1.tlog
X:\ITAD_123\Assignment_02\Assign_02_04\Assign_02_04\Debug\link-rc.read.1.tlog
X:\ITAD_123\Assignment_02\Assign_02_04\Assign_02_04\Debug\link-rc.write.1.tlog
X:\ITAD_123\Assignment_02\Assign_02_04\Assign_02_04\Debug\link.command.1.tlog
X:\ITAD_123\Assignment_02\Assign_02_04\Assign_02_04\Debug\link.read.1.tlog
X:\ITAD_123\Assignment_02\Assign_02_04\Assign_02_04\Debug\link.write.1.tlog
X:\ITAD_123\Assignment_02\Assign_02_04\Assign_02_04\Debug\Assign_02_04.pch
X:\ITAD_123\Assignment_02\Assign_02_04\Assign_02_04\Debug\vc110.idb
X:\ITAD_123\Assignment_02\Assign_02_04\Assign_02_04\Debug\vc110.pdb
X:\ITAD_123\Assignment_02\Assign_02_04\Debug\Assign_02_04.pdb
X:\ITAD_123\Assignment_02\Assign_02_04\Debug\Assign_02_04.exe
X:\ITAD_123\Assignment_02\Assign_02_04\Debug\Assign_02_04.ilk
