X:\ITAD_123\ASSIGNMENT_02\ASSIGN_02_05\ASSIGN_02_05\DEBUG\VC110.PDB
X:\ITAD_123\ASSIGNMENT_02\ASSIGN_02_05\DEBUG\ASSIGN_02_05.PDB
X:\ITAD_123\Assignment_02\Assign_02_05\Assign_02_05\Debug\Assign_02_05.obj
X:\ITAD_123\Assignment_02\Assign_02_05\Assign_02_05\Debug\stdafx.obj
X:\ITAD_123\Assignment_02\Assign_02_05\Assign_02_05\Debug\cl.command.1.tlog
X:\ITAD_123\Assignment_02\Assign_02_05\Assign_02_05\Debug\CL.read.1.tlog
X:\ITAD_123\Assignment_02\Assign_02_05\Assign_02_05\Debug\CL.write.1.tlog
X:\ITAD_123\Assignment_02\Assign_02_05\Assign_02_05\Debug\link-cvtres.read.1.tlog
X:\ITAD_123\Assignment_02\Assign_02_05\Assign_02_05\Debug\link-cvtres.write.1.tlog
X:\ITAD_123\Assignment_02\Assign_02_05\Assign_02_05\Debug\link-rc.read.1.tlog
X:\ITAD_123\Assignment_02\Assign_02_05\Assign_02_05\Debug\link-rc.write.1.tlog
X:\ITAD_123\Assignment_02\Assign_02_05\Assign_02_05\Debug\link.command.1.tlog
X:\ITAD_123\Assignment_02\Assign_02_05\Assign_02_05\Debug\link.read.1.tlog
X:\ITAD_123\Assignment_02\Assign_02_05\Assign_02_05\Debug\link.write.1.tlog
X:\ITAD_123\Assignment_02\Assign_02_05\Assign_02_05\Debug\Assign_02_05.pch
X:\ITAD_123\Assignment_02\Assign_02_05\Assign_02_05\Debug\vc110.idb
X:\ITAD_123\Assignment_02\Assign_02_05\Assign_02_05\Debug\vc110.pdb
X:\ITAD_123\Assignment_02\Assign_02_05\Debug\Assign_02_05.pdb
X:\ITAD_123\Assignment_02\Assign_02_05\Debug\Assign_02_05.exe
X:\ITAD_123\Assignment_02\Assign_02_05\Debug\Assign_02_05.ilk
