E:\_SCHOOL\ITAD_123\ASSIGNMENT_04\ASSIGN_04_02 - USING FILES\ASSIGN_04_02 - USING FILES\DEBUG\ASSIGN_04_02 - USING FILES.PCH
E:\_SCHOOL\ITAD_123\ASSIGNMENT_04\ASSIGN_04_02 - USING FILES\ASSIGN_04_02 - USING FILES\DEBUG\STDAFX.OBJ
E:\_SCHOOL\ITAD_123\ASSIGNMENT_04\ASSIGN_04_02 - USING FILES\ASSIGN_04_02 - USING FILES\DEBUG\VC110.PDB
E:\_SCHOOL\ITAD_123\ASSIGNMENT_04\ASSIGN_04_02 - USING FILES\ASSIGN_04_02 - USING FILES\DEBUG\ASSIGN_04_02 - USING FILES.OBJ
E:\_SCHOOL\ITAD_123\ASSIGNMENT_04\ASSIGN_04_02 - USING FILES\DEBUG\ASSIGN_04_02 - USING FILES.ILK
E:\_SCHOOL\ITAD_123\ASSIGNMENT_04\ASSIGN_04_02 - USING FILES\DEBUG\ASSIGN_04_02 - USING FILES.EXE
E:\_SCHOOL\ITAD_123\ASSIGNMENT_04\ASSIGN_04_02 - USING FILES\DEBUG\ASSIGN_04_02 - USING FILES.PDB
E:\_School\ITAD_123\Assignment_04\Assign_04_02 - Using Files\Assign_04_02 - Using Files\Debug\Assign_04_02 - Using Files.obj
E:\_School\ITAD_123\Assignment_04\Assign_04_02 - Using Files\Assign_04_02 - Using Files\Debug\stdafx.obj
E:\_School\ITAD_123\Assignment_04\Assign_04_02 - Using Files\Assign_04_02 - Using Files\Debug\cl.command.1.tlog
E:\_School\ITAD_123\Assignment_04\Assign_04_02 - Using Files\Assign_04_02 - Using Files\Debug\CL.read.1.tlog
E:\_School\ITAD_123\Assignment_04\Assign_04_02 - Using Files\Assign_04_02 - Using Files\Debug\CL.write.1.tlog
E:\_School\ITAD_123\Assignment_04\Assign_04_02 - Using Files\Assign_04_02 - Using Files\Debug\link-cvtres.read.1.tlog
E:\_School\ITAD_123\Assignment_04\Assign_04_02 - Using Files\Assign_04_02 - Using Files\Debug\link-cvtres.write.1.tlog
E:\_School\ITAD_123\Assignment_04\Assign_04_02 - Using Files\Assign_04_02 - Using Files\Debug\link-rc.read.1.tlog
E:\_School\ITAD_123\Assignment_04\Assign_04_02 - Using Files\Assign_04_02 - Using Files\Debug\link-rc.write.1.tlog
E:\_School\ITAD_123\Assignment_04\Assign_04_02 - Using Files\Assign_04_02 - Using Files\Debug\link.command.1.tlog
E:\_School\ITAD_123\Assignment_04\Assign_04_02 - Using Files\Assign_04_02 - Using Files\Debug\link.read.1.tlog
E:\_School\ITAD_123\Assignment_04\Assign_04_02 - Using Files\Assign_04_02 - Using Files\Debug\link.write.1.tlog
E:\_School\ITAD_123\Assignment_04\Assign_04_02 - Using Files\Assign_04_02 - Using Files\Debug\Assign_04_02 - Using Files.pch
E:\_School\ITAD_123\Assignment_04\Assign_04_02 - Using Files\Assign_04_02 - Using Files\Debug\vc110.idb
E:\_School\ITAD_123\Assignment_04\Assign_04_02 - Using Files\Assign_04_02 - Using Files\Debug\vc110.pdb
E:\_School\ITAD_123\Assignment_04\Assign_04_02 - Using Files\Debug\Assign_04_02 - Using Files.pdb
E:\_School\ITAD_123\Assignment_04\Assign_04_02 - Using Files\Debug\Assign_04_02 - Using Files.exe
E:\_School\ITAD_123\Assignment_04\Assign_04_02 - Using Files\Debug\Assign_04_02 - Using Files.ilk
