X:\ITAD_123\ASSIGNMENT_04\ASSIGN_04_03 - AREA RECTANGLE\ASSIGN_04_03 - AREA RECTANGLE\DEBUG\VC110.PDB
X:\ITAD_123\ASSIGNMENT_04\ASSIGN_04_03 - AREA RECTANGLE\DEBUG\ASSIGN_04_03 - AREA RECTANGLE.PDB
X:\ITAD_123\Assignment_04\Assign_04_03 - Area Rectangle\Assign_04_03 - Area Rectangle\Debug\Assign_04_03 - Area Rectangle.obj
X:\ITAD_123\Assignment_04\Assign_04_03 - Area Rectangle\Assign_04_03 - Area Rectangle\Debug\stdafx.obj
X:\ITAD_123\Assignment_04\Assign_04_03 - Area Rectangle\Assign_04_03 - Area Rectangle\Debug\cl.command.1.tlog
X:\ITAD_123\Assignment_04\Assign_04_03 - Area Rectangle\Assign_04_03 - Area Rectangle\Debug\CL.read.1.tlog
X:\ITAD_123\Assignment_04\Assign_04_03 - Area Rectangle\Assign_04_03 - Area Rectangle\Debug\CL.write.1.tlog
X:\ITAD_123\Assignment_04\Assign_04_03 - Area Rectangle\Assign_04_03 - Area Rectangle\Debug\link-cvtres.read.1.tlog
X:\ITAD_123\Assignment_04\Assign_04_03 - Area Rectangle\Assign_04_03 - Area Rectangle\Debug\link-cvtres.write.1.tlog
X:\ITAD_123\Assignment_04\Assign_04_03 - Area Rectangle\Assign_04_03 - Area Rectangle\Debug\link-rc.read.1.tlog
X:\ITAD_123\Assignment_04\Assign_04_03 - Area Rectangle\Assign_04_03 - Area Rectangle\Debug\link-rc.write.1.tlog
X:\ITAD_123\Assignment_04\Assign_04_03 - Area Rectangle\Assign_04_03 - Area Rectangle\Debug\link.command.1.tlog
X:\ITAD_123\Assignment_04\Assign_04_03 - Area Rectangle\Assign_04_03 - Area Rectangle\Debug\link.read.1.tlog
X:\ITAD_123\Assignment_04\Assign_04_03 - Area Rectangle\Assign_04_03 - Area Rectangle\Debug\link.write.1.tlog
X:\ITAD_123\Assignment_04\Assign_04_03 - Area Rectangle\Assign_04_03 - Area Rectangle\Debug\Assign_04_03 - Area Rectangle.pch
X:\ITAD_123\Assignment_04\Assign_04_03 - Area Rectangle\Assign_04_03 - Area Rectangle\Debug\vc110.idb
X:\ITAD_123\Assignment_04\Assign_04_03 - Area Rectangle\Assign_04_03 - Area Rectangle\Debug\vc110.pdb
X:\ITAD_123\Assignment_04\Assign_04_03 - Area Rectangle\Debug\Assign_04_03 - Area Rectangle.pdb
X:\ITAD_123\Assignment_04\Assign_04_03 - Area Rectangle\Debug\Assign_04_03 - Area Rectangle.exe
X:\ITAD_123\Assignment_04\Assign_04_03 - Area Rectangle\Debug\Assign_04_03 - Area Rectangle.ilk
