C:\USERS\QUAYLE\DOCUMENTS\_SCHOOL\ITAD_123\EXTRA_CREDIT\EXTRACREDIT_01 - ASCII CODE\EXTRACREDIT_01 - ASCII CODE\DEBUG\EXTRACREDIT_01 - ASCII CODE.PCH
C:\USERS\QUAYLE\DOCUMENTS\_SCHOOL\ITAD_123\EXTRA_CREDIT\EXTRACREDIT_01 - ASCII CODE\EXTRACREDIT_01 - ASCII CODE\DEBUG\STDAFX.OBJ
C:\USERS\QUAYLE\DOCUMENTS\_SCHOOL\ITAD_123\EXTRA_CREDIT\EXTRACREDIT_01 - ASCII CODE\EXTRACREDIT_01 - ASCII CODE\DEBUG\VC110.PDB
C:\USERS\QUAYLE\DOCUMENTS\_SCHOOL\ITAD_123\EXTRA_CREDIT\EXTRACREDIT_01 - ASCII CODE\EXTRACREDIT_01 - ASCII CODE\DEBUG\EXTRACREDIT_01 - ASCII CODE.OBJ
C:\USERS\QUAYLE\DOCUMENTS\_SCHOOL\ITAD_123\EXTRA_CREDIT\EXTRACREDIT_01 - ASCII CODE\DEBUG\EXTRACREDIT_01 - ASCII CODE.ILK
C:\USERS\QUAYLE\DOCUMENTS\_SCHOOL\ITAD_123\EXTRA_CREDIT\EXTRACREDIT_01 - ASCII CODE\DEBUG\EXTRACREDIT_01 - ASCII CODE.EXE
C:\USERS\QUAYLE\DOCUMENTS\_SCHOOL\ITAD_123\EXTRA_CREDIT\EXTRACREDIT_01 - ASCII CODE\DEBUG\EXTRACREDIT_01 - ASCII CODE.PDB
C:\Users\Quayle\Documents\_School\ITAD_123\Extra_Credit\ExtraCredit_01 - ASCII Code\ExtraCredit_01 - ASCII Code\Debug\ExtraCredit_01 - ASCII Code.obj
C:\Users\Quayle\Documents\_School\ITAD_123\Extra_Credit\ExtraCredit_01 - ASCII Code\ExtraCredit_01 - ASCII Code\Debug\stdafx.obj
C:\Users\Quayle\Documents\_School\ITAD_123\Extra_Credit\ExtraCredit_01 - ASCII Code\ExtraCredit_01 - ASCII Code\Debug\cl.command.1.tlog
C:\Users\Quayle\Documents\_School\ITAD_123\Extra_Credit\ExtraCredit_01 - ASCII Code\ExtraCredit_01 - ASCII Code\Debug\CL.read.1.tlog
C:\Users\Quayle\Documents\_School\ITAD_123\Extra_Credit\ExtraCredit_01 - ASCII Code\ExtraCredit_01 - ASCII Code\Debug\CL.write.1.tlog
C:\Users\Quayle\Documents\_School\ITAD_123\Extra_Credit\ExtraCredit_01 - ASCII Code\ExtraCredit_01 - ASCII Code\Debug\link-cvtres.read.1.tlog
C:\Users\Quayle\Documents\_School\ITAD_123\Extra_Credit\ExtraCredit_01 - ASCII Code\ExtraCredit_01 - ASCII Code\Debug\link-cvtres.write.1.tlog
C:\Users\Quayle\Documents\_School\ITAD_123\Extra_Credit\ExtraCredit_01 - ASCII Code\ExtraCredit_01 - ASCII Code\Debug\link-rc.read.1.tlog
C:\Users\Quayle\Documents\_School\ITAD_123\Extra_Credit\ExtraCredit_01 - ASCII Code\ExtraCredit_01 - ASCII Code\Debug\link-rc.write.1.tlog
C:\Users\Quayle\Documents\_School\ITAD_123\Extra_Credit\ExtraCredit_01 - ASCII Code\ExtraCredit_01 - ASCII Code\Debug\link.command.1.tlog
C:\Users\Quayle\Documents\_School\ITAD_123\Extra_Credit\ExtraCredit_01 - ASCII Code\ExtraCredit_01 - ASCII Code\Debug\link.read.1.tlog
C:\Users\Quayle\Documents\_School\ITAD_123\Extra_Credit\ExtraCredit_01 - ASCII Code\ExtraCredit_01 - ASCII Code\Debug\link.write.1.tlog
C:\Users\Quayle\Documents\_School\ITAD_123\Extra_Credit\ExtraCredit_01 - ASCII Code\ExtraCredit_01 - ASCII Code\Debug\ExtraCredit_01 - ASCII Code.pch
C:\Users\Quayle\Documents\_School\ITAD_123\Extra_Credit\ExtraCredit_01 - ASCII Code\ExtraCredit_01 - ASCII Code\Debug\vc110.idb
C:\Users\Quayle\Documents\_School\ITAD_123\Extra_Credit\ExtraCredit_01 - ASCII Code\ExtraCredit_01 - ASCII Code\Debug\vc110.pdb
C:\Users\Quayle\Documents\_School\ITAD_123\Extra_Credit\ExtraCredit_01 - ASCII Code\Debug\ExtraCredit_01 - ASCII Code.pdb
C:\Users\Quayle\Documents\_School\ITAD_123\Extra_Credit\ExtraCredit_01 - ASCII Code\Debug\ExtraCredit_01 - ASCII Code.exe
C:\Users\Quayle\Documents\_School\ITAD_123\Extra_Credit\ExtraCredit_01 - ASCII Code\Debug\ExtraCredit_01 - ASCII Code.ilk
