X:\ITAD_123\ASSIGNMENT_02\ASSIGN_02_01\ASSIGN_02_01\DEBUG\VC110.PDB
X:\ITAD_123\ASSIGNMENT_02\ASSIGN_02_01\DEBUG\ASSIGN_02_01.PDB
X:\ITAD_123\Assignment_02\Assign_02_01\Assign_02_01\Debug\Assign_02_01.obj
X:\ITAD_123\Assignment_02\Assign_02_01\Assign_02_01\Debug\stdafx.obj
X:\ITAD_123\Assignment_02\Assign_02_01\Assign_02_01\Debug\cl.command.1.tlog
X:\ITAD_123\Assignment_02\Assign_02_01\Assign_02_01\Debug\CL.read.1.tlog
X:\ITAD_123\Assignment_02\Assign_02_01\Assign_02_01\Debug\CL.write.1.tlog
X:\ITAD_123\Assignment_02\Assign_02_01\Assign_02_01\Debug\link-cvtres.read.1.tlog
X:\ITAD_123\Assignment_02\Assign_02_01\Assign_02_01\Debug\link-cvtres.write.1.tlog
X:\ITAD_123\Assignment_02\Assign_02_01\Assign_02_01\Debug\link-rc.read.1.tlog
X:\ITAD_123\Assignment_02\Assign_02_01\Assign_02_01\Debug\link-rc.write.1.tlog
X:\ITAD_123\Assignment_02\Assign_02_01\Assign_02_01\Debug\link.command.1.tlog
X:\ITAD_123\Assignment_02\Assign_02_01\Assign_02_01\Debug\link.read.1.tlog
X:\ITAD_123\Assignment_02\Assign_02_01\Assign_02_01\Debug\link.write.1.tlog
X:\ITAD_123\Assignment_02\Assign_02_01\Assign_02_01\Debug\Assign_02_01.pch
X:\ITAD_123\Assignment_02\Assign_02_01\Assign_02_01\Debug\vc110.idb
X:\ITAD_123\Assignment_02\Assign_02_01\Assign_02_01\Debug\vc110.pdb
X:\ITAD_123\Assignment_02\Assign_02_01\Debug\Assign_02_01.pdb
X:\ITAD_123\Assignment_02\Assign_02_01\Debug\Assign_02_01.exe
X:\ITAD_123\Assignment_02\Assign_02_01\Debug\Assign_02_01.ilk
