C:\USERS\QUAYLE\DOCUMENTS\_SCHOOL\ITAD_123\EXTRA_CREDIT\EXTRACREDIT_02 - PATTERN DISPLAY\EXTRACREDIT_02 - PATTERN DISPLAY\DEBUG\EXTRACREDIT_02 - PATTERN DISPLAY.PCH
C:\USERS\QUAYLE\DOCUMENTS\_SCHOOL\ITAD_123\EXTRA_CREDIT\EXTRACREDIT_02 - PATTERN DISPLAY\EXTRACREDIT_02 - PATTERN DISPLAY\DEBUG\STDAFX.OBJ
C:\USERS\QUAYLE\DOCUMENTS\_SCHOOL\ITAD_123\EXTRA_CREDIT\EXTRACREDIT_02 - PATTERN DISPLAY\EXTRACREDIT_02 - PATTERN DISPLAY\DEBUG\VC110.PDB
C:\USERS\QUAYLE\DOCUMENTS\_SCHOOL\ITAD_123\EXTRA_CREDIT\EXTRACREDIT_02 - PATTERN DISPLAY\EXTRACREDIT_02 - PATTERN DISPLAY\DEBUG\EXTRACREDIT_02 - PATTERN DISPLAY.OBJ
C:\USERS\QUAYLE\DOCUMENTS\_SCHOOL\ITAD_123\EXTRA_CREDIT\EXTRACREDIT_02 - PATTERN DISPLAY\DEBUG\EXTRACREDIT_02 - PATTERN DISPLAY.ILK
C:\USERS\QUAYLE\DOCUMENTS\_SCHOOL\ITAD_123\EXTRA_CREDIT\EXTRACREDIT_02 - PATTERN DISPLAY\DEBUG\EXTRACREDIT_02 - PATTERN DISPLAY.EXE
C:\USERS\QUAYLE\DOCUMENTS\_SCHOOL\ITAD_123\EXTRA_CREDIT\EXTRACREDIT_02 - PATTERN DISPLAY\DEBUG\EXTRACREDIT_02 - PATTERN DISPLAY.PDB
C:\Users\Quayle\Documents\_School\ITAD_123\Extra_Credit\ExtraCredit_02 - Pattern Display\ExtraCredit_02 - Pattern Display\Debug\ExtraCredit_02 - Pattern Display.obj
C:\Users\Quayle\Documents\_School\ITAD_123\Extra_Credit\ExtraCredit_02 - Pattern Display\ExtraCredit_02 - Pattern Display\Debug\stdafx.obj
C:\Users\Quayle\Documents\_School\ITAD_123\Extra_Credit\ExtraCredit_02 - Pattern Display\ExtraCredit_02 - Pattern Display\Debug\cl.command.1.tlog
C:\Users\Quayle\Documents\_School\ITAD_123\Extra_Credit\ExtraCredit_02 - Pattern Display\ExtraCredit_02 - Pattern Display\Debug\CL.read.1.tlog
C:\Users\Quayle\Documents\_School\ITAD_123\Extra_Credit\ExtraCredit_02 - Pattern Display\ExtraCredit_02 - Pattern Display\Debug\CL.write.1.tlog
C:\Users\Quayle\Documents\_School\ITAD_123\Extra_Credit\ExtraCredit_02 - Pattern Display\ExtraCredit_02 - Pattern Display\Debug\link-cvtres.read.1.tlog
C:\Users\Quayle\Documents\_School\ITAD_123\Extra_Credit\ExtraCredit_02 - Pattern Display\ExtraCredit_02 - Pattern Display\Debug\link-cvtres.write.1.tlog
C:\Users\Quayle\Documents\_School\ITAD_123\Extra_Credit\ExtraCredit_02 - Pattern Display\ExtraCredit_02 - Pattern Display\Debug\link-rc.read.1.tlog
C:\Users\Quayle\Documents\_School\ITAD_123\Extra_Credit\ExtraCredit_02 - Pattern Display\ExtraCredit_02 - Pattern Display\Debug\link-rc.write.1.tlog
C:\Users\Quayle\Documents\_School\ITAD_123\Extra_Credit\ExtraCredit_02 - Pattern Display\ExtraCredit_02 - Pattern Display\Debug\link.command.1.tlog
C:\Users\Quayle\Documents\_School\ITAD_123\Extra_Credit\ExtraCredit_02 - Pattern Display\ExtraCredit_02 - Pattern Display\Debug\link.read.1.tlog
C:\Users\Quayle\Documents\_School\ITAD_123\Extra_Credit\ExtraCredit_02 - Pattern Display\ExtraCredit_02 - Pattern Display\Debug\link.write.1.tlog
C:\Users\Quayle\Documents\_School\ITAD_123\Extra_Credit\ExtraCredit_02 - Pattern Display\ExtraCredit_02 - Pattern Display\Debug\ExtraCredit_02 - Pattern Display.pch
C:\Users\Quayle\Documents\_School\ITAD_123\Extra_Credit\ExtraCredit_02 - Pattern Display\ExtraCredit_02 - Pattern Display\Debug\vc110.idb
C:\Users\Quayle\Documents\_School\ITAD_123\Extra_Credit\ExtraCredit_02 - Pattern Display\ExtraCredit_02 - Pattern Display\Debug\vc110.pdb
C:\Users\Quayle\Documents\_School\ITAD_123\Extra_Credit\ExtraCredit_02 - Pattern Display\Debug\ExtraCredit_02 - Pattern Display.pdb
C:\Users\Quayle\Documents\_School\ITAD_123\Extra_Credit\ExtraCredit_02 - Pattern Display\Debug\ExtraCredit_02 - Pattern Display.exe
C:\Users\Quayle\Documents\_School\ITAD_123\Extra_Credit\ExtraCredit_02 - Pattern Display\Debug\ExtraCredit_02 - Pattern Display.ilk
