X:\ITAD_123\ASSIGNMENT_02\ASSIGN_02_03\ASSIGN_02_03\DEBUG\VC110.PDB
X:\ITAD_123\ASSIGNMENT_02\ASSIGN_02_03\DEBUG\ASSIGN_02_03.PDB
X:\ITAD_123\Assignment_02\Assign_02_03\Assign_02_03\Debug\Assign_02_03.obj
X:\ITAD_123\Assignment_02\Assign_02_03\Assign_02_03\Debug\stdafx.obj
X:\ITAD_123\Assignment_02\Assign_02_03\Assign_02_03\Debug\cl.command.1.tlog
X:\ITAD_123\Assignment_02\Assign_02_03\Assign_02_03\Debug\CL.read.1.tlog
X:\ITAD_123\Assignment_02\Assign_02_03\Assign_02_03\Debug\CL.write.1.tlog
X:\ITAD_123\Assignment_02\Assign_02_03\Assign_02_03\Debug\link-cvtres.read.1.tlog
X:\ITAD_123\Assignment_02\Assign_02_03\Assign_02_03\Debug\link-cvtres.write.1.tlog
X:\ITAD_123\Assignment_02\Assign_02_03\Assign_02_03\Debug\link-rc.read.1.tlog
X:\ITAD_123\Assignment_02\Assign_02_03\Assign_02_03\Debug\link-rc.write.1.tlog
X:\ITAD_123\Assignment_02\Assign_02_03\Assign_02_03\Debug\link.command.1.tlog
X:\ITAD_123\Assignment_02\Assign_02_03\Assign_02_03\Debug\link.read.1.tlog
X:\ITAD_123\Assignment_02\Assign_02_03\Assign_02_03\Debug\link.write.1.tlog
X:\ITAD_123\Assignment_02\Assign_02_03\Assign_02_03\Debug\Assign_02_03.pch
X:\ITAD_123\Assignment_02\Assign_02_03\Assign_02_03\Debug\vc110.idb
X:\ITAD_123\Assignment_02\Assign_02_03\Assign_02_03\Debug\vc110.pdb
X:\ITAD_123\Assignment_02\Assign_02_03\Debug\Assign_02_03.pdb
X:\ITAD_123\Assignment_02\Assign_02_03\Debug\Assign_02_03.exe
X:\ITAD_123\Assignment_02\Assign_02_03\Debug\Assign_02_03.ilk
