C:\USERS\QUAYLE\DOCUMENTS\_SCHOOL\ITAD_123\ASSIGNMENT_03\ASSIGN_03_03 - MATH TUTOR V2\ASSIGN_03_03 - MATH TUTOR V2\DEBUG\ASSIGN_03_03 - MATH TUTOR V2.PCH
C:\USERS\QUAYLE\DOCUMENTS\_SCHOOL\ITAD_123\ASSIGNMENT_03\ASSIGN_03_03 - MATH TUTOR V2\ASSIGN_03_03 - MATH TUTOR V2\DEBUG\STDAFX.OBJ
C:\USERS\QUAYLE\DOCUMENTS\_SCHOOL\ITAD_123\ASSIGNMENT_03\ASSIGN_03_03 - MATH TUTOR V2\ASSIGN_03_03 - MATH TUTOR V2\DEBUG\VC110.PDB
C:\USERS\QUAYLE\DOCUMENTS\_SCHOOL\ITAD_123\ASSIGNMENT_03\ASSIGN_03_03 - MATH TUTOR V2\ASSIGN_03_03 - MATH TUTOR V2\DEBUG\ASSIGN_03_03 - MATH TUTOR V2.OBJ
C:\USERS\QUAYLE\DOCUMENTS\_SCHOOL\ITAD_123\ASSIGNMENT_03\ASSIGN_03_03 - MATH TUTOR V2\DEBUG\ASSIGN_03_03 - MATH TUTOR V2.ILK
C:\USERS\QUAYLE\DOCUMENTS\_SCHOOL\ITAD_123\ASSIGNMENT_03\ASSIGN_03_03 - MATH TUTOR V2\DEBUG\ASSIGN_03_03 - MATH TUTOR V2.EXE
C:\USERS\QUAYLE\DOCUMENTS\_SCHOOL\ITAD_123\ASSIGNMENT_03\ASSIGN_03_03 - MATH TUTOR V2\DEBUG\ASSIGN_03_03 - MATH TUTOR V2.PDB
C:\Users\Quayle\Documents\_School\ITAD_123\Assignment_03\Assign_03_03 - Math Tutor V2\Assign_03_03 - Math Tutor V2\Debug\Assign_03_03 - Math Tutor V2.obj
C:\Users\Quayle\Documents\_School\ITAD_123\Assignment_03\Assign_03_03 - Math Tutor V2\Assign_03_03 - Math Tutor V2\Debug\stdafx.obj
C:\Users\Quayle\Documents\_School\ITAD_123\Assignment_03\Assign_03_03 - Math Tutor V2\Assign_03_03 - Math Tutor V2\Debug\cl.command.1.tlog
C:\Users\Quayle\Documents\_School\ITAD_123\Assignment_03\Assign_03_03 - Math Tutor V2\Assign_03_03 - Math Tutor V2\Debug\CL.read.1.tlog
C:\Users\Quayle\Documents\_School\ITAD_123\Assignment_03\Assign_03_03 - Math Tutor V2\Assign_03_03 - Math Tutor V2\Debug\CL.write.1.tlog
C:\Users\Quayle\Documents\_School\ITAD_123\Assignment_03\Assign_03_03 - Math Tutor V2\Assign_03_03 - Math Tutor V2\Debug\link-cvtres.read.1.tlog
C:\Users\Quayle\Documents\_School\ITAD_123\Assignment_03\Assign_03_03 - Math Tutor V2\Assign_03_03 - Math Tutor V2\Debug\link-cvtres.write.1.tlog
C:\Users\Quayle\Documents\_School\ITAD_123\Assignment_03\Assign_03_03 - Math Tutor V2\Assign_03_03 - Math Tutor V2\Debug\link-rc.read.1.tlog
C:\Users\Quayle\Documents\_School\ITAD_123\Assignment_03\Assign_03_03 - Math Tutor V2\Assign_03_03 - Math Tutor V2\Debug\link-rc.write.1.tlog
C:\Users\Quayle\Documents\_School\ITAD_123\Assignment_03\Assign_03_03 - Math Tutor V2\Assign_03_03 - Math Tutor V2\Debug\link.command.1.tlog
C:\Users\Quayle\Documents\_School\ITAD_123\Assignment_03\Assign_03_03 - Math Tutor V2\Assign_03_03 - Math Tutor V2\Debug\link.read.1.tlog
C:\Users\Quayle\Documents\_School\ITAD_123\Assignment_03\Assign_03_03 - Math Tutor V2\Assign_03_03 - Math Tutor V2\Debug\link.write.1.tlog
C:\Users\Quayle\Documents\_School\ITAD_123\Assignment_03\Assign_03_03 - Math Tutor V2\Assign_03_03 - Math Tutor V2\Debug\Assign_03_03 - Math Tutor V2.pch
C:\Users\Quayle\Documents\_School\ITAD_123\Assignment_03\Assign_03_03 - Math Tutor V2\Assign_03_03 - Math Tutor V2\Debug\vc110.idb
C:\Users\Quayle\Documents\_School\ITAD_123\Assignment_03\Assign_03_03 - Math Tutor V2\Assign_03_03 - Math Tutor V2\Debug\vc110.pdb
C:\Users\Quayle\Documents\_School\ITAD_123\Assignment_03\Assign_03_03 - Math Tutor V2\Debug\Assign_03_03 - Math Tutor V2.pdb
C:\Users\Quayle\Documents\_School\ITAD_123\Assignment_03\Assign_03_03 - Math Tutor V2\Debug\Assign_03_03 - Math Tutor V2.exe
C:\Users\Quayle\Documents\_School\ITAD_123\Assignment_03\Assign_03_03 - Math Tutor V2\Debug\Assign_03_03 - Math Tutor V2.ilk
