F:\ITAD_123\ASSIGNMENT_07\ASSIGN_07_03 - PASSWORDS\DEBUG\ASSIGN_07_03 - PASSWORDS.ILK
F:\ITAD_123\ASSIGNMENT_07\ASSIGN_07_03 - PASSWORDS\DEBUG\ASSIGN_07_03 - PASSWORDS.EXE
F:\ITAD_123\ASSIGNMENT_07\ASSIGN_07_03 - PASSWORDS\DEBUG\ASSIGN_07_03 - PASSWORDS.PDB
F:\ITAD_123\ASSIGNMENT_07\ASSIGN_07_03 - PASSWORDS\ASSIGN_07_03 - PASSWORDS\DEBUG\ASSIGN_07_03 - PASSWORDS.PCH
F:\ITAD_123\ASSIGNMENT_07\ASSIGN_07_03 - PASSWORDS\ASSIGN_07_03 - PASSWORDS\DEBUG\STDAFX.OBJ
F:\ITAD_123\ASSIGNMENT_07\ASSIGN_07_03 - PASSWORDS\ASSIGN_07_03 - PASSWORDS\DEBUG\VC110.PDB
F:\ITAD_123\ASSIGNMENT_07\ASSIGN_07_03 - PASSWORDS\ASSIGN_07_03 - PASSWORDS\DEBUG\ASSIGN_07_03 - PASSWORDS.OBJ
F:\ITAD_123\Assignment_07\Assign_07_03 - Passwords\Assign_07_03 - Passwords\Debug\Assign_07_03 - Passwords.obj
F:\ITAD_123\Assignment_07\Assign_07_03 - Passwords\Assign_07_03 - Passwords\Debug\stdafx.obj
F:\ITAD_123\Assignment_07\Assign_07_03 - Passwords\Assign_07_03 - Passwords\Debug\link-rc.write.1.tlog
F:\ITAD_123\Assignment_07\Assign_07_03 - Passwords\Assign_07_03 - Passwords\Debug\link-cvtres.read.1.tlog
F:\ITAD_123\Assignment_07\Assign_07_03 - Passwords\Assign_07_03 - Passwords\Debug\link-cvtres.write.1.tlog
F:\ITAD_123\Assignment_07\Assign_07_03 - Passwords\Assign_07_03 - Passwords\Debug\link.read.1.tlog
F:\ITAD_123\Assignment_07\Assign_07_03 - Passwords\Assign_07_03 - Passwords\Debug\link.write.1.tlog
F:\ITAD_123\Assignment_07\Assign_07_03 - Passwords\Assign_07_03 - Passwords\Debug\link.command.1.tlog
F:\ITAD_123\Assignment_07\Assign_07_03 - Passwords\Assign_07_03 - Passwords\Debug\CL.read.1.tlog
F:\ITAD_123\Assignment_07\Assign_07_03 - Passwords\Assign_07_03 - Passwords\Debug\CL.write.1.tlog
F:\ITAD_123\Assignment_07\Assign_07_03 - Passwords\Assign_07_03 - Passwords\Debug\cl.command.1.tlog
F:\ITAD_123\Assignment_07\Assign_07_03 - Passwords\Assign_07_03 - Passwords\Debug\link-rc.read.1.tlog
F:\ITAD_123\Assignment_07\Assign_07_03 - Passwords\Assign_07_03 - Passwords\Debug\Assign_07_03 - Passwords.pch
F:\ITAD_123\Assignment_07\Assign_07_03 - Passwords\Assign_07_03 - Passwords\Debug\vc110.idb
F:\ITAD_123\Assignment_07\Assign_07_03 - Passwords\Assign_07_03 - Passwords\Debug\vc110.pdb
F:\ITAD_123\Assignment_07\Assign_07_03 - Passwords\Debug\Assign_07_03 - Passwords.pdb
F:\ITAD_123\Assignment_07\Assign_07_03 - Passwords\Debug\Assign_07_03 - Passwords.exe
F:\ITAD_123\Assignment_07\Assign_07_03 - Passwords\Debug\Assign_07_03 - Passwords.ilk
