E:\_SCHOOL\ITAD_123\ASSIGNMENT_04\ASSIGN_04_04 - CELSIUS TEMP TABLE\ASSIGN_04_04 - CELSIUS TEMP TABLE\DEBUG\ASSIGN_04_04 - CELSIUS TEMP TABLE.PCH
E:\_SCHOOL\ITAD_123\ASSIGNMENT_04\ASSIGN_04_04 - CELSIUS TEMP TABLE\ASSIGN_04_04 - CELSIUS TEMP TABLE\DEBUG\STDAFX.OBJ
E:\_SCHOOL\ITAD_123\ASSIGNMENT_04\ASSIGN_04_04 - CELSIUS TEMP TABLE\ASSIGN_04_04 - CELSIUS TEMP TABLE\DEBUG\VC110.PDB
E:\_SCHOOL\ITAD_123\ASSIGNMENT_04\ASSIGN_04_04 - CELSIUS TEMP TABLE\ASSIGN_04_04 - CELSIUS TEMP TABLE\DEBUG\ASSIGN_04_04 - CELSIUS TEMP TABLE.OBJ
E:\_SCHOOL\ITAD_123\ASSIGNMENT_04\ASSIGN_04_04 - CELSIUS TEMP TABLE\DEBUG\ASSIGN_04_04 - CELSIUS TEMP TABLE.ILK
E:\_SCHOOL\ITAD_123\ASSIGNMENT_04\ASSIGN_04_04 - CELSIUS TEMP TABLE\DEBUG\ASSIGN_04_04 - CELSIUS TEMP TABLE.EXE
E:\_SCHOOL\ITAD_123\ASSIGNMENT_04\ASSIGN_04_04 - CELSIUS TEMP TABLE\DEBUG\ASSIGN_04_04 - CELSIUS TEMP TABLE.PDB
E:\_School\ITAD_123\Assignment_04\Assign_04_04 - Celsius Temp Table\Assign_04_04 - Celsius Temp Table\Debug\Assign_04_04 - Celsius Temp Table.obj
E:\_School\ITAD_123\Assignment_04\Assign_04_04 - Celsius Temp Table\Assign_04_04 - Celsius Temp Table\Debug\stdafx.obj
E:\_School\ITAD_123\Assignment_04\Assign_04_04 - Celsius Temp Table\Assign_04_04 - Celsius Temp Table\Debug\cl.command.1.tlog
E:\_School\ITAD_123\Assignment_04\Assign_04_04 - Celsius Temp Table\Assign_04_04 - Celsius Temp Table\Debug\CL.read.1.tlog
E:\_School\ITAD_123\Assignment_04\Assign_04_04 - Celsius Temp Table\Assign_04_04 - Celsius Temp Table\Debug\CL.write.1.tlog
E:\_School\ITAD_123\Assignment_04\Assign_04_04 - Celsius Temp Table\Assign_04_04 - Celsius Temp Table\Debug\link-cvtres.read.1.tlog
E:\_School\ITAD_123\Assignment_04\Assign_04_04 - Celsius Temp Table\Assign_04_04 - Celsius Temp Table\Debug\link-cvtres.write.1.tlog
E:\_School\ITAD_123\Assignment_04\Assign_04_04 - Celsius Temp Table\Assign_04_04 - Celsius Temp Table\Debug\link-rc.read.1.tlog
E:\_School\ITAD_123\Assignment_04\Assign_04_04 - Celsius Temp Table\Assign_04_04 - Celsius Temp Table\Debug\link-rc.write.1.tlog
E:\_School\ITAD_123\Assignment_04\Assign_04_04 - Celsius Temp Table\Assign_04_04 - Celsius Temp Table\Debug\link.command.1.tlog
E:\_School\ITAD_123\Assignment_04\Assign_04_04 - Celsius Temp Table\Assign_04_04 - Celsius Temp Table\Debug\link.read.1.tlog
E:\_School\ITAD_123\Assignment_04\Assign_04_04 - Celsius Temp Table\Assign_04_04 - Celsius Temp Table\Debug\link.write.1.tlog
E:\_School\ITAD_123\Assignment_04\Assign_04_04 - Celsius Temp Table\Assign_04_04 - Celsius Temp Table\Debug\Assign_04_04 - Celsius Temp Table.pch
E:\_School\ITAD_123\Assignment_04\Assign_04_04 - Celsius Temp Table\Assign_04_04 - Celsius Temp Table\Debug\vc110.idb
E:\_School\ITAD_123\Assignment_04\Assign_04_04 - Celsius Temp Table\Assign_04_04 - Celsius Temp Table\Debug\vc110.pdb
E:\_School\ITAD_123\Assignment_04\Assign_04_04 - Celsius Temp Table\Debug\Assign_04_04 - Celsius Temp Table.pdb
E:\_School\ITAD_123\Assignment_04\Assign_04_04 - Celsius Temp Table\Debug\Assign_04_04 - Celsius Temp Table.exe
E:\_School\ITAD_123\Assignment_04\Assign_04_04 - Celsius Temp Table\Debug\Assign_04_04 - Celsius Temp Table.ilk
