X:\ITAD_123\ASSIGNMENT_03\ASSIGN_03_04 - GREATEST AND LEAST\ASSIGN_03_04 - GREATEST AND LEAST\DEBUG\VC110.PDB
X:\ITAD_123\ASSIGNMENT_03\ASSIGN_03_04 - GREATEST AND LEAST\DEBUG\ASSIGN_03_04 - GREATEST AND LEAST.PDB
X:\ITAD_123\Assignment_03\Assign_03_04 - Greatest and Least\Assign_03_04 - Greatest and Least\Debug\Assign_03_04 - Greatest and Least.obj
X:\ITAD_123\Assignment_03\Assign_03_04 - Greatest and Least\Assign_03_04 - Greatest and Least\Debug\stdafx.obj
X:\ITAD_123\Assignment_03\Assign_03_04 - Greatest and Least\Assign_03_04 - Greatest and Least\Debug\cl.command.1.tlog
X:\ITAD_123\Assignment_03\Assign_03_04 - Greatest and Least\Assign_03_04 - Greatest and Least\Debug\CL.read.1.tlog
X:\ITAD_123\Assignment_03\Assign_03_04 - Greatest and Least\Assign_03_04 - Greatest and Least\Debug\CL.write.1.tlog
X:\ITAD_123\Assignment_03\Assign_03_04 - Greatest and Least\Assign_03_04 - Greatest and Least\Debug\link-cvtres.read.1.tlog
X:\ITAD_123\Assignment_03\Assign_03_04 - Greatest and Least\Assign_03_04 - Greatest and Least\Debug\link-cvtres.write.1.tlog
X:\ITAD_123\Assignment_03\Assign_03_04 - Greatest and Least\Assign_03_04 - Greatest and Least\Debug\link-rc.read.1.tlog
X:\ITAD_123\Assignment_03\Assign_03_04 - Greatest and Least\Assign_03_04 - Greatest and Least\Debug\link-rc.write.1.tlog
X:\ITAD_123\Assignment_03\Assign_03_04 - Greatest and Least\Assign_03_04 - Greatest and Least\Debug\link.command.1.tlog
X:\ITAD_123\Assignment_03\Assign_03_04 - Greatest and Least\Assign_03_04 - Greatest and Least\Debug\link.read.1.tlog
X:\ITAD_123\Assignment_03\Assign_03_04 - Greatest and Least\Assign_03_04 - Greatest and Least\Debug\link.write.1.tlog
X:\ITAD_123\Assignment_03\Assign_03_04 - Greatest and Least\Assign_03_04 - Greatest and Least\Debug\Assign_03_04 - Greatest and Least.pch
X:\ITAD_123\Assignment_03\Assign_03_04 - Greatest and Least\Assign_03_04 - Greatest and Least\Debug\vc110.idb
X:\ITAD_123\Assignment_03\Assign_03_04 - Greatest and Least\Assign_03_04 - Greatest and Least\Debug\vc110.pdb
X:\ITAD_123\Assignment_03\Assign_03_04 - Greatest and Least\Debug\Assign_03_04 - Greatest and Least.pdb
X:\ITAD_123\Assignment_03\Assign_03_04 - Greatest and Least\Debug\Assign_03_04 - Greatest and Least.exe
X:\ITAD_123\Assignment_03\Assign_03_04 - Greatest and Least\Debug\Assign_03_04 - Greatest and Least.ilk
