X:\ITAD_123\ASSIGNMENT_01\ASSIGN_01_02\ASSIGN_01_02\DEBUG\VC110.PDB
X:\ITAD_123\ASSIGNMENT_01\ASSIGN_01_02\DEBUG\ASSIGN_01_02.PDB
X:\ITAD_123\Assignment_01\Assign_01_02\Assign_01_02\Debug\Assign_01_02.obj
X:\ITAD_123\Assignment_01\Assign_01_02\Assign_01_02\Debug\stdafx.obj
X:\ITAD_123\Assignment_01\Assign_01_02\Assign_01_02\Debug\cl.command.1.tlog
X:\ITAD_123\Assignment_01\Assign_01_02\Assign_01_02\Debug\CL.read.1.tlog
X:\ITAD_123\Assignment_01\Assign_01_02\Assign_01_02\Debug\CL.write.1.tlog
X:\ITAD_123\Assignment_01\Assign_01_02\Assign_01_02\Debug\link-cvtres.read.1.tlog
X:\ITAD_123\Assignment_01\Assign_01_02\Assign_01_02\Debug\link-cvtres.write.1.tlog
X:\ITAD_123\Assignment_01\Assign_01_02\Assign_01_02\Debug\link-rc.read.1.tlog
X:\ITAD_123\Assignment_01\Assign_01_02\Assign_01_02\Debug\link-rc.write.1.tlog
X:\ITAD_123\Assignment_01\Assign_01_02\Assign_01_02\Debug\link.command.1.tlog
X:\ITAD_123\Assignment_01\Assign_01_02\Assign_01_02\Debug\link.read.1.tlog
X:\ITAD_123\Assignment_01\Assign_01_02\Assign_01_02\Debug\link.write.1.tlog
X:\ITAD_123\Assignment_01\Assign_01_02\Assign_01_02\Debug\Assign_01_02.pch
X:\ITAD_123\Assignment_01\Assign_01_02\Assign_01_02\Debug\vc110.idb
X:\ITAD_123\Assignment_01\Assign_01_02\Assign_01_02\Debug\vc110.pdb
X:\ITAD_123\Assignment_01\Assign_01_02\Debug\Assign_01_02.pdb
X:\ITAD_123\Assignment_01\Assign_01_02\Debug\Assign_01_02.exe
X:\ITAD_123\Assignment_01\Assign_01_02\Debug\Assign_01_02.ilk
