X:\ITAD_123\ASSIGNMENT_01\ASSIGN_01_04\ASSIGN_01_04\DEBUG\VC110.PDB
X:\ITAD_123\ASSIGNMENT_01\ASSIGN_01_04\DEBUG\ASSIGN_01_04.PDB
X:\ITAD_123\Assignment_01\Assign_01_04\Assign_01_04\Debug\Assign_01_04.obj
X:\ITAD_123\Assignment_01\Assign_01_04\Assign_01_04\Debug\stdafx.obj
X:\ITAD_123\Assignment_01\Assign_01_04\Assign_01_04\Debug\cl.command.1.tlog
X:\ITAD_123\Assignment_01\Assign_01_04\Assign_01_04\Debug\CL.read.1.tlog
X:\ITAD_123\Assignment_01\Assign_01_04\Assign_01_04\Debug\CL.write.1.tlog
X:\ITAD_123\Assignment_01\Assign_01_04\Assign_01_04\Debug\link-cvtres.read.1.tlog
X:\ITAD_123\Assignment_01\Assign_01_04\Assign_01_04\Debug\link-cvtres.write.1.tlog
X:\ITAD_123\Assignment_01\Assign_01_04\Assign_01_04\Debug\link-rc.read.1.tlog
X:\ITAD_123\Assignment_01\Assign_01_04\Assign_01_04\Debug\link-rc.write.1.tlog
X:\ITAD_123\Assignment_01\Assign_01_04\Assign_01_04\Debug\link.command.1.tlog
X:\ITAD_123\Assignment_01\Assign_01_04\Assign_01_04\Debug\link.read.1.tlog
X:\ITAD_123\Assignment_01\Assign_01_04\Assign_01_04\Debug\link.write.1.tlog
X:\ITAD_123\Assignment_01\Assign_01_04\Assign_01_04\Debug\Assign_01_04.pch
X:\ITAD_123\Assignment_01\Assign_01_04\Assign_01_04\Debug\vc110.idb
X:\ITAD_123\Assignment_01\Assign_01_04\Assign_01_04\Debug\vc110.pdb
X:\ITAD_123\Assignment_01\Assign_01_04\Debug\Assign_01_04.pdb
X:\ITAD_123\Assignment_01\Assign_01_04\Debug\Assign_01_04.exe
X:\ITAD_123\Assignment_01\Assign_01_04\Debug\Assign_01_04.ilk
