X:\ITAD_123\ASSIGNMENT_03\ASSIGN_03_01 - NAME RECOGNITION\ASSIGN_03_01 - NAME RECOGNITION\DEBUG\VC110.PDB
X:\ITAD_123\ASSIGNMENT_03\ASSIGN_03_01 - NAME RECOGNITION\DEBUG\ASSIGN_03_01 - NAME RECOGNITION.PDB
X:\ITAD_123\Assignment_03\Assign_03_01 - Name Recognition\Assign_03_01 - Name Recognition\Debug\Assign_03_01 - Name Recognition.obj
X:\ITAD_123\Assignment_03\Assign_03_01 - Name Recognition\Assign_03_01 - Name Recognition\Debug\stdafx.obj
X:\ITAD_123\Assignment_03\Assign_03_01 - Name Recognition\Assign_03_01 - Name Recognition\Debug\cl.command.1.tlog
X:\ITAD_123\Assignment_03\Assign_03_01 - Name Recognition\Assign_03_01 - Name Recognition\Debug\CL.read.1.tlog
X:\ITAD_123\Assignment_03\Assign_03_01 - Name Recognition\Assign_03_01 - Name Recognition\Debug\CL.write.1.tlog
X:\ITAD_123\Assignment_03\Assign_03_01 - Name Recognition\Assign_03_01 - Name Recognition\Debug\link-cvtres.read.1.tlog
X:\ITAD_123\Assignment_03\Assign_03_01 - Name Recognition\Assign_03_01 - Name Recognition\Debug\link-cvtres.write.1.tlog
X:\ITAD_123\Assignment_03\Assign_03_01 - Name Recognition\Assign_03_01 - Name Recognition\Debug\link-rc.read.1.tlog
X:\ITAD_123\Assignment_03\Assign_03_01 - Name Recognition\Assign_03_01 - Name Recognition\Debug\link-rc.write.1.tlog
X:\ITAD_123\Assignment_03\Assign_03_01 - Name Recognition\Assign_03_01 - Name Recognition\Debug\link.command.1.tlog
X:\ITAD_123\Assignment_03\Assign_03_01 - Name Recognition\Assign_03_01 - Name Recognition\Debug\link.read.1.tlog
X:\ITAD_123\Assignment_03\Assign_03_01 - Name Recognition\Assign_03_01 - Name Recognition\Debug\link.write.1.tlog
X:\ITAD_123\Assignment_03\Assign_03_01 - Name Recognition\Assign_03_01 - Name Recognition\Debug\Assign_03_01 - Name Recognition.pch
X:\ITAD_123\Assignment_03\Assign_03_01 - Name Recognition\Assign_03_01 - Name Recognition\Debug\vc110.idb
X:\ITAD_123\Assignment_03\Assign_03_01 - Name Recognition\Assign_03_01 - Name Recognition\Debug\vc110.pdb
X:\ITAD_123\Assignment_03\Assign_03_01 - Name Recognition\Debug\Assign_03_01 - Name Recognition.pdb
X:\ITAD_123\Assignment_03\Assign_03_01 - Name Recognition\Debug\Assign_03_01 - Name Recognition.exe
X:\ITAD_123\Assignment_03\Assign_03_01 - Name Recognition\Debug\Assign_03_01 - Name Recognition.ilk
