E:\_SCHOOL\ITAD_123\ASSIGNMENT_05\ASSIGN_05_01 - PAYCHECK\ASSIGN_05_01 - PAYCHECK\DEBUG\ASSIGN_05_01 - PAYCHECK.PCH
E:\_SCHOOL\ITAD_123\ASSIGNMENT_05\ASSIGN_05_01 - PAYCHECK\ASSIGN_05_01 - PAYCHECK\DEBUG\STDAFX.OBJ
E:\_SCHOOL\ITAD_123\ASSIGNMENT_05\ASSIGN_05_01 - PAYCHECK\ASSIGN_05_01 - PAYCHECK\DEBUG\VC110.PDB
E:\_SCHOOL\ITAD_123\ASSIGNMENT_05\ASSIGN_05_01 - PAYCHECK\ASSIGN_05_01 - PAYCHECK\DEBUG\ASSIGN_05_01 - PAYCHECK.OBJ
E:\_SCHOOL\ITAD_123\ASSIGNMENT_05\ASSIGN_05_01 - PAYCHECK\DEBUG\ASSIGN_05_01 - PAYCHECK.ILK
E:\_SCHOOL\ITAD_123\ASSIGNMENT_05\ASSIGN_05_01 - PAYCHECK\DEBUG\ASSIGN_05_01 - PAYCHECK.EXE
E:\_SCHOOL\ITAD_123\ASSIGNMENT_05\ASSIGN_05_01 - PAYCHECK\DEBUG\ASSIGN_05_01 - PAYCHECK.PDB
E:\_School\ITAD_123\Assignment_05\Assign_05_01 - Paycheck\Assign_05_01 - Paycheck\Debug\Assign_05_01 - Paycheck.obj
E:\_School\ITAD_123\Assignment_05\Assign_05_01 - Paycheck\Assign_05_01 - Paycheck\Debug\stdafx.obj
E:\_School\ITAD_123\Assignment_05\Assign_05_01 - Paycheck\Assign_05_01 - Paycheck\Debug\cl.command.1.tlog
E:\_School\ITAD_123\Assignment_05\Assign_05_01 - Paycheck\Assign_05_01 - Paycheck\Debug\CL.read.1.tlog
E:\_School\ITAD_123\Assignment_05\Assign_05_01 - Paycheck\Assign_05_01 - Paycheck\Debug\CL.write.1.tlog
E:\_School\ITAD_123\Assignment_05\Assign_05_01 - Paycheck\Assign_05_01 - Paycheck\Debug\link-cvtres.read.1.tlog
E:\_School\ITAD_123\Assignment_05\Assign_05_01 - Paycheck\Assign_05_01 - Paycheck\Debug\link-cvtres.write.1.tlog
E:\_School\ITAD_123\Assignment_05\Assign_05_01 - Paycheck\Assign_05_01 - Paycheck\Debug\link-rc.read.1.tlog
E:\_School\ITAD_123\Assignment_05\Assign_05_01 - Paycheck\Assign_05_01 - Paycheck\Debug\link-rc.write.1.tlog
E:\_School\ITAD_123\Assignment_05\Assign_05_01 - Paycheck\Assign_05_01 - Paycheck\Debug\link.command.1.tlog
E:\_School\ITAD_123\Assignment_05\Assign_05_01 - Paycheck\Assign_05_01 - Paycheck\Debug\link.read.1.tlog
E:\_School\ITAD_123\Assignment_05\Assign_05_01 - Paycheck\Assign_05_01 - Paycheck\Debug\link.write.1.tlog
E:\_School\ITAD_123\Assignment_05\Assign_05_01 - Paycheck\Assign_05_01 - Paycheck\Debug\Assign_05_01 - Paycheck.pch
E:\_School\ITAD_123\Assignment_05\Assign_05_01 - Paycheck\Assign_05_01 - Paycheck\Debug\vc110.idb
E:\_School\ITAD_123\Assignment_05\Assign_05_01 - Paycheck\Assign_05_01 - Paycheck\Debug\vc110.pdb
E:\_School\ITAD_123\Assignment_05\Assign_05_01 - Paycheck\Debug\Assign_05_01 - Paycheck.pdb
E:\_School\ITAD_123\Assignment_05\Assign_05_01 - Paycheck\Debug\Assign_05_01 - Paycheck.exe
E:\_School\ITAD_123\Assignment_05\Assign_05_01 - Paycheck\Debug\Assign_05_01 - Paycheck.ilk
