E:\_SCHOOL\ITAD_123\ASSIGNMENT_05\ASSIGN_05_02 - MY SWAP\ASSIGN_05_02 - MY SWAP\DEBUG\ASSIGN_05_02 - MY SWAP.PCH
E:\_SCHOOL\ITAD_123\ASSIGNMENT_05\ASSIGN_05_02 - MY SWAP\ASSIGN_05_02 - MY SWAP\DEBUG\STDAFX.OBJ
E:\_SCHOOL\ITAD_123\ASSIGNMENT_05\ASSIGN_05_02 - MY SWAP\ASSIGN_05_02 - MY SWAP\DEBUG\VC110.PDB
E:\_SCHOOL\ITAD_123\ASSIGNMENT_05\ASSIGN_05_02 - MY SWAP\ASSIGN_05_02 - MY SWAP\DEBUG\ASSIGN_05_02 - MY SWAP.OBJ
E:\_SCHOOL\ITAD_123\ASSIGNMENT_05\ASSIGN_05_02 - MY SWAP\DEBUG\ASSIGN_05_02 - MY SWAP.ILK
E:\_SCHOOL\ITAD_123\ASSIGNMENT_05\ASSIGN_05_02 - MY SWAP\DEBUG\ASSIGN_05_02 - MY SWAP.EXE
E:\_SCHOOL\ITAD_123\ASSIGNMENT_05\ASSIGN_05_02 - MY SWAP\DEBUG\ASSIGN_05_02 - MY SWAP.PDB
E:\_School\ITAD_123\Assignment_05\Assign_05_02 - My Swap\Assign_05_02 - My Swap\Debug\Assign_05_02 - My Swap.obj
E:\_School\ITAD_123\Assignment_05\Assign_05_02 - My Swap\Assign_05_02 - My Swap\Debug\stdafx.obj
E:\_School\ITAD_123\Assignment_05\Assign_05_02 - My Swap\Assign_05_02 - My Swap\Debug\cl.command.1.tlog
E:\_School\ITAD_123\Assignment_05\Assign_05_02 - My Swap\Assign_05_02 - My Swap\Debug\CL.read.1.tlog
E:\_School\ITAD_123\Assignment_05\Assign_05_02 - My Swap\Assign_05_02 - My Swap\Debug\CL.write.1.tlog
E:\_School\ITAD_123\Assignment_05\Assign_05_02 - My Swap\Assign_05_02 - My Swap\Debug\link-cvtres.read.1.tlog
E:\_School\ITAD_123\Assignment_05\Assign_05_02 - My Swap\Assign_05_02 - My Swap\Debug\link-cvtres.write.1.tlog
E:\_School\ITAD_123\Assignment_05\Assign_05_02 - My Swap\Assign_05_02 - My Swap\Debug\link-rc.read.1.tlog
E:\_School\ITAD_123\Assignment_05\Assign_05_02 - My Swap\Assign_05_02 - My Swap\Debug\link-rc.write.1.tlog
E:\_School\ITAD_123\Assignment_05\Assign_05_02 - My Swap\Assign_05_02 - My Swap\Debug\link.command.1.tlog
E:\_School\ITAD_123\Assignment_05\Assign_05_02 - My Swap\Assign_05_02 - My Swap\Debug\link.read.1.tlog
E:\_School\ITAD_123\Assignment_05\Assign_05_02 - My Swap\Assign_05_02 - My Swap\Debug\link.write.1.tlog
E:\_School\ITAD_123\Assignment_05\Assign_05_02 - My Swap\Assign_05_02 - My Swap\Debug\Assign_05_02 - My Swap.pch
E:\_School\ITAD_123\Assignment_05\Assign_05_02 - My Swap\Assign_05_02 - My Swap\Debug\vc110.idb
E:\_School\ITAD_123\Assignment_05\Assign_05_02 - My Swap\Assign_05_02 - My Swap\Debug\vc110.pdb
E:\_School\ITAD_123\Assignment_05\Assign_05_02 - My Swap\Debug\Assign_05_02 - My Swap.pdb
E:\_School\ITAD_123\Assignment_05\Assign_05_02 - My Swap\Debug\Assign_05_02 - My Swap.exe
E:\_School\ITAD_123\Assignment_05\Assign_05_02 - My Swap\Debug\Assign_05_02 - My Swap.ilk
